{"/Users/jssuzanne/anyblok/furet_ui/src/picture.js": {"path":"/Users/jssuzanne/anyblok/furet_ui/src/picture.js","statementMap":{"0":{"start":{"line":6,"column":8},"end":{"line":17,"column":9}},"1":{"start":{"line":8,"column":16},"end":{"line":12,"column":18}},"2":{"start":{"line":14,"column":16},"end":{"line":14,"column":97}},"3":{"start":{"line":16,"column":16},"end":{"line":16,"column":27}},"4":{"start":{"line":18,"column":8},"end":{"line":22,"column":10}},"5":{"start":{"line":26,"column":0},"end":{"line":29,"column":2}},"6":{"start":{"line":31,"column":0},"end":{"line":34,"column":2}}},"fnMap":{"0":{"name":"(anonymous_0)","decl":{"start":{"line":5,"column":4},"end":{"line":5,"column":5}},"loc":{"start":{"line":5,"column":14},"end":{"line":23,"column":5}}}},"branchMap":{"0":{"loc":{"start":{"line":6,"column":8},"end":{"line":17,"column":9}},"type":"switch","locations":[{"start":{"line":7,"column":12},"end":{"line":12,"column":18}},{"start":{"line":13,"column":12},"end":{"line":14,"column":97}},{"start":{"line":15,"column":12},"end":{"line":16,"column":27}}]}},"s":{"0":6,"1":3,"2":2,"3":1,"4":0,"5":1,"6":1},"f":{"0":6},"b":{"0":[3,2,1]},"_coverageSchema":"332fd63041d2c1bcb487cc26dd0d5f7d97098a6c","hash":"c4fcb2d8fbe6668c85700ef5c9ff90d90d9282f0"}
}
