<?xml version="1.0" encoding="UTF-8"?>
<coverage generated="1488302502998" clover="3.2.0">
  <project timestamp="1488302502999" name="All files">
    <metrics statements="7" coveredstatements="6" conditionals="3" coveredconditionals="3" methods="1" coveredmethods="1" elements="11" coveredelements="10" complexity="0" loc="7" ncloc="7" packages="1" files="1" classes="1">
      <file name="picture.js" path="/Users/jssuzanne/anyblok/furet_ui/src/picture.js">
        <metrics statements="7" coveredstatements="6" conditionals="3" coveredconditionals="3" methods="1" coveredmethods="1"/>
        <line num="6" count="6" type="stmt"/>
        <line num="8" count="3" type="stmt"/>
        <line num="14" count="2" type="stmt"/>
        <line num="16" count="1" type="stmt"/>
        <line num="18" count="0" type="stmt"/>
        <line num="26" count="1" type="stmt"/>
        <line num="31" count="1" type="stmt"/>
      </file>
    </metrics>
  </project>
</coverage>
